<?xml version="1.0" encoding="UTF-8"?>
<testng-results skipped="0" failed="0" ignored="0" total="3" passed="3">
  <reporter-output>
  </reporter-output>
  <suite name="TestSuite" duration-ms="13356" started-at="2021-03-20T13:39:26 IST" finished-at="2021-03-20T13:39:39 IST">
    <groups>
    </groups>
    <test name="ChromeTest" duration-ms="9880" started-at="2021-03-20T13:39:26 IST" finished-at="2021-03-20T13:39:36 IST">
      <class name="CrossBrowserTest.CrossBrowserTest.CrossBrowser">
        <test-method status="PASS" signature="setup(java.lang.String)[pri:0, instance:CrossBrowserTest.CrossBrowserTest.CrossBrowser@757942a1]" name="setup" is-config="true" duration-ms="4569" started-at="2021-03-20T13:39:26 IST" finished-at="2021-03-20T13:39:30 IST">
          <params>
            <param index="0">
              <value>
                <![CDATA[Chrome]]>
              </value>
            </param>
          </params>
          <reporter-output>
          </reporter-output>
        </test-method> <!-- setup -->
        <test-method status="PASS" signature="testParameterWithXML()[pri:0, instance:CrossBrowserTest.CrossBrowserTest.CrossBrowser@757942a1]" name="testParameterWithXML" duration-ms="5295" started-at="2021-03-20T13:39:30 IST" finished-at="2021-03-20T13:39:36 IST">
          <reporter-output>
          </reporter-output>
        </test-method> <!-- testParameterWithXML -->
      </class> <!-- CrossBrowserTest.CrossBrowserTest.CrossBrowser -->
    </test> <!-- ChromeTest -->
    <test name="EdgeTest" duration-ms="11694" started-at="2021-03-20T13:39:26 IST" finished-at="2021-03-20T13:39:37 IST">
      <class name="CrossBrowserTest.CrossBrowserTest.CrossBrowser">
        <test-method status="PASS" signature="setup(java.lang.String)[pri:0, instance:CrossBrowserTest.CrossBrowserTest.CrossBrowser@1990a65e]" name="setup" is-config="true" duration-ms="3824" started-at="2021-03-20T13:39:26 IST" finished-at="2021-03-20T13:39:30 IST">
          <params>
            <param index="0">
              <value>
                <![CDATA[Edge]]>
              </value>
            </param>
          </params>
          <reporter-output>
          </reporter-output>
        </test-method> <!-- setup -->
        <test-method status="PASS" signature="testParameterWithXML()[pri:0, instance:CrossBrowserTest.CrossBrowserTest.CrossBrowser@1990a65e]" name="testParameterWithXML" duration-ms="7661" started-at="2021-03-20T13:39:30 IST" finished-at="2021-03-20T13:39:37 IST">
          <reporter-output>
          </reporter-output>
        </test-method> <!-- testParameterWithXML -->
      </class> <!-- CrossBrowserTest.CrossBrowserTest.CrossBrowser -->
    </test> <!-- EdgeTest -->
    <test name="FirefoxTest" duration-ms="13356" started-at="2021-03-20T13:39:26 IST" finished-at="2021-03-20T13:39:39 IST">
      <class name="CrossBrowserTest.CrossBrowserTest.CrossBrowser">
        <test-method status="PASS" signature="setup(java.lang.String)[pri:0, instance:CrossBrowserTest.CrossBrowserTest.CrossBrowser@12c8a2c0]" name="setup" is-config="true" duration-ms="10165" started-at="2021-03-20T13:39:26 IST" finished-at="2021-03-20T13:39:36 IST">
          <params>
            <param index="0">
              <value>
                <![CDATA[Firefox]]>
              </value>
            </param>
          </params>
          <reporter-output>
          </reporter-output>
        </test-method> <!-- setup -->
        <test-method status="PASS" signature="testParameterWithXML()[pri:0, instance:CrossBrowserTest.CrossBrowserTest.CrossBrowser@12c8a2c0]" name="testParameterWithXML" duration-ms="3179" started-at="2021-03-20T13:39:36 IST" finished-at="2021-03-20T13:39:39 IST">
          <reporter-output>
          </reporter-output>
        </test-method> <!-- testParameterWithXML -->
      </class> <!-- CrossBrowserTest.CrossBrowserTest.CrossBrowser -->
    </test> <!-- FirefoxTest -->
  </suite> <!-- TestSuite -->
</testng-results>
